<?xml version="1.0" encoding="UTF-8"?>
<testng-results skipped="0" failed="0" total="3" passed="3">
  <reporter-output>
  </reporter-output>
  <suite name="Default suite" duration-ms="28762" started-at="2020-04-26T14:38:07Z" finished-at="2020-04-26T14:38:36Z">
    <groups>
    </groups>
    <test name="Default test" duration-ms="28762" started-at="2020-04-26T14:38:07Z" finished-at="2020-04-26T14:38:36Z">
      <class name="libraryApi.LibraryApiDemo">
        <test-method status="PASS" signature="library(java.lang.String, java.lang.String)[pri:0, instance:libraryApi.LibraryApiDemo@23223dd8]" name="library" duration-ms="27706" started-at="2020-04-26T20:08:07Z" data-provider="BooksData" finished-at="2020-04-26T20:08:35Z">
          <params>
            <param index="0">
              <value>
                <![CDATA[manual]]>
              </value>
            </param>
            <param index="1">
              <value>
                <![CDATA[1022]]>
              </value>
            </param>
          </params>
          <reporter-output>
          </reporter-output>
        </test-method> <!-- library -->
        <test-method status="PASS" signature="library(java.lang.String, java.lang.String)[pri:0, instance:libraryApi.LibraryApiDemo@23223dd8]" name="library" duration-ms="440" started-at="2020-04-26T20:08:35Z" data-provider="BooksData" finished-at="2020-04-26T20:08:35Z">
          <params>
            <param index="0">
              <value>
                <![CDATA[sql]]>
              </value>
            </param>
            <param index="1">
              <value>
                <![CDATA[1023]]>
              </value>
            </param>
          </params>
          <reporter-output>
          </reporter-output>
        </test-method> <!-- library -->
        <test-method status="PASS" signature="library(java.lang.String, java.lang.String)[pri:0, instance:libraryApi.LibraryApiDemo@23223dd8]" name="library" duration-ms="397" started-at="2020-04-26T20:08:35Z" data-provider="BooksData" finished-at="2020-04-26T20:08:36Z">
          <params>
            <param index="0">
              <value>
                <![CDATA[selenium]]>
              </value>
            </param>
            <param index="1">
              <value>
                <![CDATA[1024]]>
              </value>
            </param>
          </params>
          <reporter-output>
          </reporter-output>
        </test-method> <!-- library -->
      </class> <!-- libraryApi.LibraryApiDemo -->
    </test> <!-- Default test -->
  </suite> <!-- Default suite -->
</testng-results>
